Compiled jquery.js  (2ms)  (pid 512)
Compiled jquery_ujs.js  (0ms)  (pid 512)
Compiled facebook.js  (0ms)  (pid 512)
Compiled jplayer/add-on/jplayer.playlist.min.js  (1ms)  (pid 512)
Compiled jplayer/add-on/jquery.jplayer.inspector.js  (0ms)  (pid 512)
Compiled jplayer/jquery.jplayer.min.js  (0ms)  (pid 512)
Compiled jplayer/popcorn/popcorn.jplayer.js  (0ms)  (pid 512)
Compiled jquery-ui-1.10.3.custom.min.js  (1ms)  (pid 512)
Compiled jquery-ui-1.10.3.custom/development-bundle/Gruntfile.js  (0ms)  (pid 512)
Compiled jquery-ui-1.10.3.custom/development-bundle/external/globalize.culture.de-DE.js  (0ms)  (pid 512)
Compiled jquery-ui-1.10.3.custom/development-bundle/external/globalize.culture.ja-JP.js  (0ms)  (pid 512)
Compiled jquery-ui-1.10.3.custom/development-bundle/external/globalize.js  (0ms)  (pid 512)
Compiled jquery-ui-1.10.3.custom/development-bundle/external/jquery.mousewheel.js  (0ms)  (pid 512)
Compiled jquery-ui-1.10.3.custom/development-bundle/external/jshint.js  (3ms)  (pid 512)
Compiled jquery-ui-1.10.3.custom/development-bundle/external/qunit.js  (1ms)  (pid 512)
Compiled jquery-ui-1.10.3.custom/development-bundle/jquery-1.9.1.js  (2ms)  (pid 512)
Compiled jquery-ui-1.10.3.custom/development-bundle/ui/jquery-ui.custom.js  (1ms)  (pid 512)
Compiled jquery-ui-1.10.3.custom/development-bundle/ui/jquery.ui.core.js  (0ms)  (pid 512)
Compiled jquery-ui-1.10.3.custom/development-bundle/ui/jquery.ui.mouse.js  (0ms)  (pid 512)
Compiled jquery-ui-1.10.3.custom/development-bundle/ui/jquery.ui.position.js  (0ms)  (pid 512)
Compiled jquery-ui-1.10.3.custom/development-bundle/ui/jquery.ui.tabs.js  (0ms)  (pid 512)
Compiled jquery-ui-1.10.3.custom/development-bundle/ui/jquery.ui.widget.js  (0ms)  (pid 512)
Compiled jquery-ui-1.10.3.custom/development-bundle/ui/minified/jquery-ui.custom.min.js  (0ms)  (pid 512)
Compiled jquery-ui-1.10.3.custom/development-bundle/ui/minified/jquery.ui.core.min.js  (0ms)  (pid 512)
Compiled jquery-ui-1.10.3.custom/development-bundle/ui/minified/jquery.ui.mouse.min.js  (0ms)  (pid 512)
Compiled jquery-ui-1.10.3.custom/development-bundle/ui/minified/jquery.ui.position.min.js  (0ms)  (pid 512)
Compiled jquery-ui-1.10.3.custom/development-bundle/ui/minified/jquery.ui.tabs.min.js  (0ms)  (pid 512)
Compiled jquery-ui-1.10.3.custom/development-bundle/ui/minified/jquery.ui.widget.min.js  (0ms)  (pid 512)
Compiled jquery-ui-1.10.3.custom/js/jquery-1.9.1.js  (4ms)  (pid 512)
Compiled jquery-ui-1.10.3.custom/js/jquery-ui-1.10.3.custom.js  (1ms)  (pid 512)
Compiled jquery-ui-1.10.3.custom/js/jquery-ui-1.10.3.custom.min.js  (0ms)  (pid 512)
Compiled sessions.js  (190ms)  (pid 512)
Compiled shares.js  (57ms)  (pid 512)
Compiled static_pages.js  (93ms)  (pid 512)
Compiled users.js  (64ms)  (pid 512)
Compiled application.js  (1039ms)  (pid 512)
Compiled cart.css  (0ms)  (pid 512)
Compiled home.css  (0ms)  (pid 512)
Compiled jplayer.pink.flag.css  (1ms)  (pid 512)
Compiled jquery-ui-1.10.3.custom.css  (1ms)  (pid 512)
Compiled jquery-ui-1.10.3.custom.min.css  (0ms)  (pid 512)
Compiled playlist.css  (0ms)  (pid 512)
Compiled sessions.css  (36ms)  (pid 512)
Compiled shares.css  (1ms)  (pid 512)
Compiled static_pages.css  (31ms)  (pid 512)
Compiled tuneclout-discovery.css  (1ms)  (pid 512)
Compiled users.css  (3ms)  (pid 512)
Compiled application.css  (267ms)  (pid 512)
Compiled jquery.js  (2ms)  (pid 512)
Compiled jquery_ujs.js  (0ms)  (pid 512)
Compiled facebook.js  (0ms)  (pid 512)
Compiled jplayer/add-on/jplayer.playlist.min.js  (0ms)  (pid 512)
Compiled jplayer/add-on/jquery.jplayer.inspector.js  (0ms)  (pid 512)
Compiled jplayer/jquery.jplayer.min.js  (0ms)  (pid 512)
Compiled jplayer/popcorn/popcorn.jplayer.js  (0ms)  (pid 512)
Compiled jquery-ui-1.10.3.custom.min.js  (0ms)  (pid 512)
Compiled jquery-ui-1.10.3.custom/development-bundle/Gruntfile.js  (0ms)  (pid 512)
Compiled jquery-ui-1.10.3.custom/development-bundle/external/globalize.culture.de-DE.js  (0ms)  (pid 512)
Compiled jquery-ui-1.10.3.custom/development-bundle/external/globalize.culture.ja-JP.js  (0ms)  (pid 512)
Compiled jquery-ui-1.10.3.custom/development-bundle/external/globalize.js  (0ms)  (pid 512)
Compiled jquery-ui-1.10.3.custom/development-bundle/external/jquery.mousewheel.js  (0ms)  (pid 512)
Compiled jquery-ui-1.10.3.custom/development-bundle/external/jshint.js  (3ms)  (pid 512)
Compiled jquery-ui-1.10.3.custom/development-bundle/external/qunit.js  (1ms)  (pid 512)
Compiled jquery-ui-1.10.3.custom/development-bundle/jquery-1.9.1.js  (2ms)  (pid 512)
Compiled jquery-ui-1.10.3.custom/development-bundle/ui/jquery-ui.custom.js  (0ms)  (pid 512)
Compiled jquery-ui-1.10.3.custom/development-bundle/ui/jquery.ui.core.js  (0ms)  (pid 512)
Compiled jquery-ui-1.10.3.custom/development-bundle/ui/jquery.ui.mouse.js  (0ms)  (pid 512)
Compiled jquery-ui-1.10.3.custom/development-bundle/ui/jquery.ui.position.js  (0ms)  (pid 512)
Compiled jquery-ui-1.10.3.custom/development-bundle/ui/jquery.ui.tabs.js  (0ms)  (pid 512)
Compiled jquery-ui-1.10.3.custom/development-bundle/ui/jquery.ui.widget.js  (0ms)  (pid 512)
Compiled jquery-ui-1.10.3.custom/development-bundle/ui/minified/jquery-ui.custom.min.js  (0ms)  (pid 512)
Compiled jquery-ui-1.10.3.custom/development-bundle/ui/minified/jquery.ui.core.min.js  (0ms)  (pid 512)
Compiled jquery-ui-1.10.3.custom/development-bundle/ui/minified/jquery.ui.mouse.min.js  (0ms)  (pid 512)
Compiled jquery-ui-1.10.3.custom/development-bundle/ui/minified/jquery.ui.position.min.js  (0ms)  (pid 512)
Compiled jquery-ui-1.10.3.custom/development-bundle/ui/minified/jquery.ui.tabs.min.js  (0ms)  (pid 512)
Compiled jquery-ui-1.10.3.custom/development-bundle/ui/minified/jquery.ui.widget.min.js  (0ms)  (pid 512)
Compiled jquery-ui-1.10.3.custom/js/jquery-1.9.1.js  (2ms)  (pid 512)
Compiled jquery-ui-1.10.3.custom/js/jquery-ui-1.10.3.custom.js  (0ms)  (pid 512)
Compiled jquery-ui-1.10.3.custom/js/jquery-ui-1.10.3.custom.min.js  (0ms)  (pid 512)
Compiled sessions.js  (69ms)  (pid 512)
Compiled shares.js  (88ms)  (pid 512)
Compiled static_pages.js  (65ms)  (pid 512)
Compiled users.js  (61ms)  (pid 512)
Compiled application.js  (653ms)  (pid 512)
Compiled cart.css  (0ms)  (pid 512)
Compiled home.css  (0ms)  (pid 512)
Compiled jplayer.pink.flag.css  (0ms)  (pid 512)
Compiled jquery-ui-1.10.3.custom.css  (0ms)  (pid 512)
Compiled jquery-ui-1.10.3.custom.min.css  (0ms)  (pid 512)
Compiled playlist.css  (0ms)  (pid 512)
Compiled sessions.css  (15ms)  (pid 512)
Compiled shares.css  (2ms)  (pid 512)
Compiled static_pages.css  (65ms)  (pid 512)
Compiled tuneclout-discovery.css  (0ms)  (pid 512)
Compiled users.css  (2ms)  (pid 512)
Compiled application.css  (159ms)  (pid 512)
Compiled jquery.js  (2ms)  (pid 671)
Compiled jquery_ujs.js  (0ms)  (pid 671)
Compiled facebook.js  (0ms)  (pid 671)
Compiled jplayer/add-on/jplayer.playlist.min.js  (0ms)  (pid 671)
Compiled jplayer/add-on/jquery.jplayer.inspector.js  (0ms)  (pid 671)
Compiled jplayer/jquery.jplayer.min.js  (0ms)  (pid 671)
Compiled jplayer/popcorn/popcorn.jplayer.js  (0ms)  (pid 671)
Compiled jquery-ui-1.10.3.custom.min.js  (0ms)  (pid 671)
Compiled jquery-ui-1.10.3.custom/development-bundle/Gruntfile.js  (0ms)  (pid 671)
Compiled jquery-ui-1.10.3.custom/development-bundle/external/globalize.culture.de-DE.js  (0ms)  (pid 671)
Compiled jquery-ui-1.10.3.custom/development-bundle/external/globalize.culture.ja-JP.js  (0ms)  (pid 671)
Compiled jquery-ui-1.10.3.custom/development-bundle/external/globalize.js  (0ms)  (pid 671)
Compiled jquery-ui-1.10.3.custom/development-bundle/external/jquery.mousewheel.js  (0ms)  (pid 671)
Compiled jquery-ui-1.10.3.custom/development-bundle/external/jshint.js  (3ms)  (pid 671)
Compiled jquery-ui-1.10.3.custom/development-bundle/external/qunit.js  (1ms)  (pid 671)
Compiled jquery-ui-1.10.3.custom/development-bundle/jquery-1.9.1.js  (2ms)  (pid 671)
Compiled jquery-ui-1.10.3.custom/development-bundle/ui/jquery-ui.custom.js  (1ms)  (pid 671)
Compiled jquery-ui-1.10.3.custom/development-bundle/ui/jquery.ui.core.js  (0ms)  (pid 671)
Compiled jquery-ui-1.10.3.custom/development-bundle/ui/jquery.ui.mouse.js  (0ms)  (pid 671)
Compiled jquery-ui-1.10.3.custom/development-bundle/ui/jquery.ui.position.js  (0ms)  (pid 671)
Compiled jquery-ui-1.10.3.custom/development-bundle/ui/jquery.ui.tabs.js  (0ms)  (pid 671)
Compiled jquery-ui-1.10.3.custom/development-bundle/ui/jquery.ui.widget.js  (0ms)  (pid 671)
Compiled jquery-ui-1.10.3.custom/development-bundle/ui/minified/jquery-ui.custom.min.js  (0ms)  (pid 671)
Compiled jquery-ui-1.10.3.custom/development-bundle/ui/minified/jquery.ui.core.min.js  (0ms)  (pid 671)
Compiled jquery-ui-1.10.3.custom/development-bundle/ui/minified/jquery.ui.mouse.min.js  (0ms)  (pid 671)
Compiled jquery-ui-1.10.3.custom/development-bundle/ui/minified/jquery.ui.position.min.js  (21ms)  (pid 671)
Compiled jquery-ui-1.10.3.custom/development-bundle/ui/minified/jquery.ui.tabs.min.js  (0ms)  (pid 671)
Compiled jquery-ui-1.10.3.custom/development-bundle/ui/minified/jquery.ui.widget.min.js  (0ms)  (pid 671)
Compiled jquery-ui-1.10.3.custom/js/jquery-1.9.1.js  (2ms)  (pid 671)
Compiled jquery-ui-1.10.3.custom/js/jquery-ui-1.10.3.custom.js  (0ms)  (pid 671)
Compiled jquery-ui-1.10.3.custom/js/jquery-ui-1.10.3.custom.min.js  (0ms)  (pid 671)
Compiled sessions.js  (92ms)  (pid 671)
Compiled shares.js  (60ms)  (pid 671)
Compiled static_pages.js  (81ms)  (pid 671)
Compiled users.js  (59ms)  (pid 671)
Compiled application.js  (654ms)  (pid 671)
Compiled cart.css  (0ms)  (pid 671)
Compiled home.css  (0ms)  (pid 671)
Compiled jplayer.pink.flag.css  (0ms)  (pid 671)
Compiled jquery-ui-1.10.3.custom.css  (0ms)  (pid 671)
Compiled jquery-ui-1.10.3.custom.min.css  (0ms)  (pid 671)
Compiled playlist.css  (0ms)  (pid 671)
Compiled sessions.css  (10ms)  (pid 671)
Compiled shares.css  (1ms)  (pid 671)
Compiled static_pages.css  (26ms)  (pid 671)
Compiled tuneclout-discovery.css  (0ms)  (pid 671)
Compiled users.css  (1ms)  (pid 671)
Compiled application.css  (106ms)  (pid 671)
Compiled jquery.js  (3ms)  (pid 671)
Compiled jquery_ujs.js  (0ms)  (pid 671)
Compiled facebook.js  (0ms)  (pid 671)
Compiled jplayer/add-on/jplayer.playlist.min.js  (0ms)  (pid 671)
Compiled jplayer/add-on/jquery.jplayer.inspector.js  (0ms)  (pid 671)
Compiled jplayer/jquery.jplayer.min.js  (0ms)  (pid 671)
Compiled jplayer/popcorn/popcorn.jplayer.js  (0ms)  (pid 671)
Compiled jquery-ui-1.10.3.custom.min.js  (0ms)  (pid 671)
Compiled jquery-ui-1.10.3.custom/development-bundle/Gruntfile.js  (0ms)  (pid 671)
Compiled jquery-ui-1.10.3.custom/development-bundle/external/globalize.culture.de-DE.js  (0ms)  (pid 671)
Compiled jquery-ui-1.10.3.custom/development-bundle/external/globalize.culture.ja-JP.js  (0ms)  (pid 671)
Compiled jquery-ui-1.10.3.custom/development-bundle/external/globalize.js  (0ms)  (pid 671)
Compiled jquery-ui-1.10.3.custom/development-bundle/external/jquery.mousewheel.js  (0ms)  (pid 671)
Compiled jquery-ui-1.10.3.custom/development-bundle/external/jshint.js  (3ms)  (pid 671)
Compiled jquery-ui-1.10.3.custom/development-bundle/external/qunit.js  (1ms)  (pid 671)
Compiled jquery-ui-1.10.3.custom/development-bundle/jquery-1.9.1.js  (2ms)  (pid 671)
Compiled jquery-ui-1.10.3.custom/development-bundle/ui/jquery-ui.custom.js  (0ms)  (pid 671)
Compiled jquery-ui-1.10.3.custom/development-bundle/ui/jquery.ui.core.js  (0ms)  (pid 671)
Compiled jquery-ui-1.10.3.custom/development-bundle/ui/jquery.ui.mouse.js  (0ms)  (pid 671)
Compiled jquery-ui-1.10.3.custom/development-bundle/ui/jquery.ui.position.js  (0ms)  (pid 671)
Compiled jquery-ui-1.10.3.custom/development-bundle/ui/jquery.ui.tabs.js  (0ms)  (pid 671)
Compiled jquery-ui-1.10.3.custom/development-bundle/ui/jquery.ui.widget.js  (0ms)  (pid 671)
Compiled jquery-ui-1.10.3.custom/development-bundle/ui/minified/jquery-ui.custom.min.js  (0ms)  (pid 671)
Compiled jquery-ui-1.10.3.custom/development-bundle/ui/minified/jquery.ui.core.min.js  (0ms)  (pid 671)
Compiled jquery-ui-1.10.3.custom/development-bundle/ui/minified/jquery.ui.mouse.min.js  (0ms)  (pid 671)
Compiled jquery-ui-1.10.3.custom/development-bundle/ui/minified/jquery.ui.position.min.js  (0ms)  (pid 671)
Compiled jquery-ui-1.10.3.custom/development-bundle/ui/minified/jquery.ui.tabs.min.js  (0ms)  (pid 671)
Compiled jquery-ui-1.10.3.custom/development-bundle/ui/minified/jquery.ui.widget.min.js  (0ms)  (pid 671)
Compiled jquery-ui-1.10.3.custom/js/jquery-1.9.1.js  (1ms)  (pid 671)
Compiled jquery-ui-1.10.3.custom/js/jquery-ui-1.10.3.custom.js  (1ms)  (pid 671)
Compiled jquery-ui-1.10.3.custom/js/jquery-ui-1.10.3.custom.min.js  (20ms)  (pid 671)
Compiled sessions.js  (67ms)  (pid 671)
Compiled shares.js  (92ms)  (pid 671)
Compiled static_pages.js  (71ms)  (pid 671)
Compiled users.js  (61ms)  (pid 671)
Compiled application.js  (661ms)  (pid 671)
Compiled cart.css  (0ms)  (pid 671)
Compiled home.css  (0ms)  (pid 671)
Compiled jplayer.pink.flag.css  (0ms)  (pid 671)
Compiled jquery-ui-1.10.3.custom.css  (0ms)  (pid 671)
Compiled jquery-ui-1.10.3.custom.min.css  (0ms)  (pid 671)
Compiled playlist.css  (0ms)  (pid 671)
Compiled sessions.css  (11ms)  (pid 671)
Compiled shares.css  (1ms)  (pid 671)
Compiled static_pages.css  (26ms)  (pid 671)
Compiled tuneclout-discovery.css  (0ms)  (pid 671)
Compiled users.css  (1ms)  (pid 671)
Compiled application.css  (114ms)  (pid 671)
Compiled jquery.js  (2ms)  (pid 945)
Compiled jquery_ujs.js  (0ms)  (pid 945)
Compiled facebook.js  (0ms)  (pid 945)
Compiled jplayer/add-on/jplayer.playlist.min.js  (0ms)  (pid 945)
Compiled jplayer/add-on/jquery.jplayer.inspector.js  (0ms)  (pid 945)
Compiled jplayer/jquery.jplayer.min.js  (0ms)  (pid 945)
Compiled jplayer/popcorn/popcorn.jplayer.js  (0ms)  (pid 945)
Compiled sessions.js  (68ms)  (pid 945)
Compiled shares.js  (92ms)  (pid 945)
Compiled static_pages.js  (57ms)  (pid 945)
Compiled users.js  (61ms)  (pid 945)
Compiled application.js  (364ms)  (pid 945)
Compiled cart.css  (0ms)  (pid 945)
Compiled discovery.css  (0ms)  (pid 945)
Compiled home.css  (0ms)  (pid 945)
Compiled jplayer.pink.flag.css  (0ms)  (pid 945)
Compiled jquery-ui-1.10.3.custom.css  (0ms)  (pid 945)
Compiled jquery-ui-1.10.3.custom.min.css  (0ms)  (pid 945)
Compiled playlist.css  (0ms)  (pid 945)
Compiled sessions.css  (8ms)  (pid 945)
Compiled shares.css  (1ms)  (pid 945)
Compiled static_pages.css  (26ms)  (pid 945)
Compiled users.css  (1ms)  (pid 945)
Compiled application.css  (109ms)  (pid 945)
Compiled jquery.js  (3ms)  (pid 945)
Compiled jquery_ujs.js  (0ms)  (pid 945)
Compiled facebook.js  (0ms)  (pid 945)
Compiled jplayer/add-on/jplayer.playlist.min.js  (0ms)  (pid 945)
Compiled jplayer/add-on/jquery.jplayer.inspector.js  (0ms)  (pid 945)
Compiled jplayer/jquery.jplayer.min.js  (0ms)  (pid 945)
Compiled jplayer/popcorn/popcorn.jplayer.js  (0ms)  (pid 945)
Compiled sessions.js  (89ms)  (pid 945)
Compiled shares.js  (56ms)  (pid 945)
Compiled static_pages.js  (56ms)  (pid 945)
Compiled users.js  (60ms)  (pid 945)
Compiled application.js  (353ms)  (pid 945)
Compiled cart.css  (0ms)  (pid 945)
Compiled discovery.css  (0ms)  (pid 945)
Compiled home.css  (0ms)  (pid 945)
Compiled jplayer.pink.flag.css  (0ms)  (pid 945)
Compiled jquery-ui-1.10.3.custom.css  (0ms)  (pid 945)
Compiled jquery-ui-1.10.3.custom.min.css  (0ms)  (pid 945)
Compiled playlist.css  (0ms)  (pid 945)
Compiled sessions.css  (13ms)  (pid 945)
Compiled shares.css  (2ms)  (pid 945)
Compiled static_pages.css  (34ms)  (pid 945)
Compiled users.css  (2ms)  (pid 945)
Compiled application.css  (126ms)  (pid 945)
Compiled jquery.js  (2ms)  (pid 1075)
Compiled jquery_ujs.js  (0ms)  (pid 1075)
Compiled facebook.js  (0ms)  (pid 1075)
Compiled jplayer/add-on/jplayer.playlist.min.js  (0ms)  (pid 1075)
Compiled jplayer/add-on/jquery.jplayer.inspector.js  (0ms)  (pid 1075)
Compiled jplayer/jquery.jplayer.min.js  (0ms)  (pid 1075)
Compiled jplayer/popcorn/popcorn.jplayer.js  (0ms)  (pid 1075)
Compiled sessions.js  (67ms)  (pid 1075)
Compiled shares.js  (91ms)  (pid 1075)
Compiled static_pages.js  (75ms)  (pid 1075)
Compiled users.js  (84ms)  (pid 1075)
Compiled application.js  (409ms)  (pid 1075)
Compiled cart.css  (0ms)  (pid 1075)
Compiled discovery.css  (0ms)  (pid 1075)
Compiled home.css  (0ms)  (pid 1075)
Compiled jplayer.pink.flag.css  (0ms)  (pid 1075)
Compiled jquery-ui-1.10.3.custom.css  (0ms)  (pid 1075)
Compiled jquery-ui-1.10.3.custom.min.css  (0ms)  (pid 1075)
Compiled playlist.css  (0ms)  (pid 1075)
Compiled sessions.css  (9ms)  (pid 1075)
Compiled shares.css  (1ms)  (pid 1075)
Compiled static_pages.css  (25ms)  (pid 1075)
Compiled users.css  (1ms)  (pid 1075)
Compiled application.css  (124ms)  (pid 1075)
Compiled jquery.js  (2ms)  (pid 1075)
Compiled jquery_ujs.js  (0ms)  (pid 1075)
Compiled facebook.js  (0ms)  (pid 1075)
Compiled jplayer/add-on/jplayer.playlist.min.js  (0ms)  (pid 1075)
Compiled jplayer/add-on/jquery.jplayer.inspector.js  (0ms)  (pid 1075)
Compiled jplayer/jquery.jplayer.min.js  (0ms)  (pid 1075)
Compiled jplayer/popcorn/popcorn.jplayer.js  (0ms)  (pid 1075)
Compiled sessions.js  (113ms)  (pid 1075)
Compiled shares.js  (74ms)  (pid 1075)
Compiled static_pages.js  (75ms)  (pid 1075)
Compiled users.js  (65ms)  (pid 1075)
Compiled application.js  (417ms)  (pid 1075)
Compiled cart.css  (0ms)  (pid 1075)
Compiled discovery.css  (0ms)  (pid 1075)
Compiled home.css  (0ms)  (pid 1075)
Compiled jplayer.pink.flag.css  (0ms)  (pid 1075)
Compiled jquery-ui-1.10.3.custom.css  (0ms)  (pid 1075)
Compiled jquery-ui-1.10.3.custom.min.css  (0ms)  (pid 1075)
Compiled playlist.css  (0ms)  (pid 1075)
Compiled sessions.css  (7ms)  (pid 1075)
Compiled shares.css  (1ms)  (pid 1075)
Compiled static_pages.css  (26ms)  (pid 1075)
Compiled users.css  (1ms)  (pid 1075)
Compiled application.css  (92ms)  (pid 1075)
Compiled jquery.js  (2ms)  (pid 1100)
Compiled jquery_ujs.js  (0ms)  (pid 1100)
Compiled facebook.js  (0ms)  (pid 1100)
Compiled jplayer/add-on/jplayer.playlist.min.js  (0ms)  (pid 1100)
Compiled jplayer/add-on/jquery.jplayer.inspector.js  (0ms)  (pid 1100)
Compiled jplayer/jquery.jplayer.min.js  (0ms)  (pid 1100)
Compiled jplayer/popcorn/popcorn.jplayer.js  (0ms)  (pid 1100)
Compiled sessions.js  (86ms)  (pid 1100)
Compiled shares.js  (89ms)  (pid 1100)
Compiled static_pages.js  (64ms)  (pid 1100)
Compiled users.js  (65ms)  (pid 1100)
Compiled application.js  (416ms)  (pid 1100)
Compiled cart.css  (0ms)  (pid 1100)
Compiled discovery.css  (0ms)  (pid 1100)
Compiled home.css  (0ms)  (pid 1100)
Compiled jplayer.pink.flag.css  (0ms)  (pid 1100)
Compiled jquery-ui-1.10.3.custom.css  (0ms)  (pid 1100)
Compiled jquery-ui-1.10.3.custom.min.css  (1ms)  (pid 1100)
Compiled playlist.css  (0ms)  (pid 1100)
Compiled sessions.css  (11ms)  (pid 1100)
Compiled shares.css  (2ms)  (pid 1100)
Compiled static_pages.css  (33ms)  (pid 1100)
Compiled users.css  (2ms)  (pid 1100)
Compiled application.css  (143ms)  (pid 1100)
Compiled jquery.js  (2ms)  (pid 1100)
Compiled jquery_ujs.js  (0ms)  (pid 1100)
Compiled facebook.js  (0ms)  (pid 1100)
Compiled jplayer/add-on/jplayer.playlist.min.js  (0ms)  (pid 1100)
Compiled jplayer/add-on/jquery.jplayer.inspector.js  (0ms)  (pid 1100)
Compiled jplayer/jquery.jplayer.min.js  (0ms)  (pid 1100)
Compiled jplayer/popcorn/popcorn.jplayer.js  (0ms)  (pid 1100)
Compiled sessions.js  (86ms)  (pid 1100)
Compiled shares.js  (57ms)  (pid 1100)
Compiled static_pages.js  (58ms)  (pid 1100)
Compiled users.js  (71ms)  (pid 1100)
Compiled application.js  (358ms)  (pid 1100)
Compiled cart.css  (0ms)  (pid 1100)
Compiled discovery.css  (0ms)  (pid 1100)
Compiled home.css  (0ms)  (pid 1100)
Compiled jplayer.pink.flag.css  (0ms)  (pid 1100)
Compiled jquery-ui-1.10.3.custom.css  (0ms)  (pid 1100)
Compiled jquery-ui-1.10.3.custom.min.css  (0ms)  (pid 1100)
Compiled playlist.css  (0ms)  (pid 1100)
Compiled sessions.css  (8ms)  (pid 1100)
Compiled shares.css  (1ms)  (pid 1100)
Compiled static_pages.css  (25ms)  (pid 1100)
Compiled users.css  (1ms)  (pid 1100)
Compiled application.css  (92ms)  (pid 1100)
Compiled jquery.js  (2ms)  (pid 1177)
Compiled jquery_ujs.js  (0ms)  (pid 1177)
Compiled facebook.js  (0ms)  (pid 1177)
Compiled jplayer/add-on/jplayer.playlist.min.js  (0ms)  (pid 1177)
Compiled jplayer/add-on/jquery.jplayer.inspector.js  (0ms)  (pid 1177)
Compiled jplayer/jquery.jplayer.min.js  (0ms)  (pid 1177)
Compiled jplayer/popcorn/popcorn.jplayer.js  (0ms)  (pid 1177)
Compiled sessions.js  (67ms)  (pid 1177)
Compiled shares.js  (88ms)  (pid 1177)
Compiled static_pages.js  (62ms)  (pid 1177)
Compiled users.js  (58ms)  (pid 1177)
Compiled application.js  (366ms)  (pid 1177)
Compiled cart.css  (0ms)  (pid 1177)
Compiled discovery.css  (0ms)  (pid 1177)
Compiled home.css  (0ms)  (pid 1177)
Compiled jplayer.pink.flag.css  (0ms)  (pid 1177)
Compiled jquery-ui-1.10.3.custom.css  (0ms)  (pid 1177)
Compiled jquery-ui-1.10.3.custom.min.css  (0ms)  (pid 1177)
Compiled playlist.css  (0ms)  (pid 1177)
Compiled sessions.css  (11ms)  (pid 1177)
Compiled shares.css  (1ms)  (pid 1177)
Compiled static_pages.css  (26ms)  (pid 1177)
Compiled users.css  (1ms)  (pid 1177)
Compiled application.css  (112ms)  (pid 1177)
Compiled jquery.js  (2ms)  (pid 1177)
Compiled jquery_ujs.js  (21ms)  (pid 1177)
Compiled facebook.js  (0ms)  (pid 1177)
Compiled jplayer/add-on/jplayer.playlist.min.js  (0ms)  (pid 1177)
Compiled jplayer/add-on/jquery.jplayer.inspector.js  (0ms)  (pid 1177)
Compiled jplayer/jquery.jplayer.min.js  (0ms)  (pid 1177)
Compiled jplayer/popcorn/popcorn.jplayer.js  (0ms)  (pid 1177)
Compiled sessions.js  (90ms)  (pid 1177)
Compiled shares.js  (59ms)  (pid 1177)
Compiled static_pages.js  (58ms)  (pid 1177)
Compiled users.js  (83ms)  (pid 1177)
Compiled application.js  (376ms)  (pid 1177)
Compiled cart.css  (0ms)  (pid 1177)
Compiled discovery.css  (0ms)  (pid 1177)
Compiled home.css  (0ms)  (pid 1177)
Compiled jplayer.pink.flag.css  (0ms)  (pid 1177)
Compiled jquery-ui-1.10.3.custom.css  (0ms)  (pid 1177)
Compiled jquery-ui-1.10.3.custom.min.css  (0ms)  (pid 1177)
Compiled playlist.css  (0ms)  (pid 1177)
Compiled sessions.css  (9ms)  (pid 1177)
Compiled shares.css  (1ms)  (pid 1177)
Compiled static_pages.css  (24ms)  (pid 1177)
Compiled users.css  (1ms)  (pid 1177)
Compiled application.css  (92ms)  (pid 1177)
Compiled jquery.js  (3ms)  (pid 1730)
Compiled jquery_ujs.js  (0ms)  (pid 1730)
Compiled facebook.js  (0ms)  (pid 1730)
Compiled jplayer/add-on/jplayer.playlist.min.js  (0ms)  (pid 1730)
Compiled jplayer/add-on/jquery.jplayer.inspector.js  (0ms)  (pid 1730)
Compiled jplayer/jquery.jplayer.min.js  (0ms)  (pid 1730)
Compiled jplayer/popcorn/popcorn.jplayer.js  (0ms)  (pid 1730)
Compiled application.js  (95ms)  (pid 1730)
Compiled cart.css  (0ms)  (pid 1730)
Compiled discovery.css  (0ms)  (pid 1730)
Compiled home.css  (0ms)  (pid 1730)
Compiled jplayer.pink.flag.css  (0ms)  (pid 1730)
Compiled jquery-ui-1.10.3.custom.css  (0ms)  (pid 1730)
Compiled jquery-ui-1.10.3.custom.min.css  (0ms)  (pid 1730)
Compiled playlist.css  (0ms)  (pid 1730)
Compiled sessions.css  (43ms)  (pid 1730)
Compiled shares.css  (2ms)  (pid 1730)
Compiled static_pages.css  (40ms)  (pid 1730)
Compiled users.css  (2ms)  (pid 1730)
Compiled application.css  (283ms)  (pid 1730)
Compiled jquery.js  (3ms)  (pid 1730)
Compiled jquery_ujs.js  (0ms)  (pid 1730)
Compiled facebook.js  (0ms)  (pid 1730)
Compiled jplayer/add-on/jplayer.playlist.min.js  (0ms)  (pid 1730)
Compiled jplayer/add-on/jquery.jplayer.inspector.js  (0ms)  (pid 1730)
Compiled jplayer/jquery.jplayer.min.js  (0ms)  (pid 1730)
Compiled jplayer/popcorn/popcorn.jplayer.js  (0ms)  (pid 1730)
Compiled application.js  (66ms)  (pid 1730)
Compiled cart.css  (0ms)  (pid 1730)
Compiled discovery.css  (0ms)  (pid 1730)
Compiled home.css  (0ms)  (pid 1730)
Compiled jplayer.pink.flag.css  (0ms)  (pid 1730)
Compiled jquery-ui-1.10.3.custom.css  (0ms)  (pid 1730)
Compiled jquery-ui-1.10.3.custom.min.css  (0ms)  (pid 1730)
Compiled playlist.css  (0ms)  (pid 1730)
Compiled sessions.css  (10ms)  (pid 1730)
Compiled shares.css  (1ms)  (pid 1730)
Compiled static_pages.css  (26ms)  (pid 1730)
Compiled users.css  (1ms)  (pid 1730)
Compiled application.css  (94ms)  (pid 1730)
